<?xml version="1.0" encoding="UTF-8"?>
<!-- Generated by org.testng.reporters.JUnitXMLReporter -->
<testsuite hostname="DESKTOP-INQUNRP" ignored="2" name="MousehoverLinkTest" tests="1" failures="0" timestamp="2021-02-14T19:56:06 EST" time="13.908" errors="0">
  <testcase name="MousehoverLinkRegression" time="0.252" classname="com.assuranceNavigationTests.MousehoverLinkTest"/>
  <testcase name="enhanceLoopTest" time="0.0" classname="com.assuranceNavigationTests.MousehoverLinkTest">
    <ignored/>
  </testcase> <!-- enhanceLoopTest -->
  <testcase name="lifeLineLinkstest" time="0.0" classname="com.assuranceNavigationTests.MousehoverLinkTest">
    <ignored/>
  </testcase> <!-- lifeLineLinkstest -->
</testsuite> <!-- MousehoverLinkTest -->
