<?xml version="1.0" encoding="UTF-8"?>
<!-- Generated by org.testng.reporters.JUnitXMLReporter -->
<testsuite hostname="DESKTOP-INQUNRP" ignored="2" name="Test" tests="1" failures="1" timestamp="2021-02-07T20:53:43 EST" time="0.117" errors="0">
  <testcase name="MousehoverLinkRegression" time="0.038" classname="com.assuranceNavigationTests.MousehoverLinkTest">
    <failure type="java.lang.NullPointerException">
      <![CDATA[java.lang.NullPointerException
at com.assuranceNavigationPages.MousehoverLink.lifeLineLinks(MousehoverLink.java:21)
at com.assuranceNavigationPages.MousehoverLink.MousehoverLinkRegression(MousehoverLink.java:46)
at com.assuranceNavigationTests.MousehoverLinkTest.MousehoverLinkRegression(MousehoverLinkTest.java:25)
at java.util.ArrayList.forEach(Unknown Source)
... Removed 27 stack frames]]>
    </failure>
  </testcase> <!-- MousehoverLinkRegression -->
  <testcase name="enhanceLoopTest" time="0.0" classname="com.assuranceNavigationTests.MousehoverLinkTest">
    <ignored/>
  </testcase> <!-- enhanceLoopTest -->
  <testcase name="lifeLineLinkstest" time="0.0" classname="com.assuranceNavigationTests.MousehoverLinkTest">
    <ignored/>
  </testcase> <!-- lifeLineLinkstest -->
</testsuite> <!-- Test -->
