<?xml version="1.0" encoding="UTF-8"?>
<!-- Generated by org.testng.reporters.JUnitXMLReporter -->
<testsuite hostname="DESKTOP-INQUNRP" ignored="0" name="Default test" tests="5" failures="0" timestamp="2021-02-13T12:19:15 EST" time="20.468" errors="0">
  <testcase name="myAccountLoginLinkTest" time="0.736" classname="com.assuranceLoginTests.LoginTest"/>
  <testcase name="switchToChildWindowTest" time="0.812" classname="com.assuranceLoginTests.LoginTest"/>
  <testcase name="userNameTest" time="1.79" classname="com.assuranceLoginTests.LoginTest"/>
  <testcase name="passwordLinkTest" time="0.259" classname="com.assuranceLoginTests.LoginTest"/>
  <testcase name="submitTest" time="0.231" classname="com.assuranceLoginTests.LoginTest"/>
</testsuite> <!-- Default test -->
