<?xml version="1.0" encoding="UTF-8"?>
<!-- Generated by org.testng.reporters.JUnitXMLReporter -->
<testsuite hostname="DESKTOP-INQUNRP" ignored="0" name="Default test" tests="3" failures="0" timestamp="2021-02-07T20:55:38 EST" time="14.147" errors="0">
  <testcase name="lifeLineLinkstest" time="1.073" classname="com.assuranceNavigationTests.MousehoverLinkTest"/>
  <testcase name="enhanceLoopTest" time="0.164" classname="com.assuranceNavigationTests.MousehoverLinkTest"/>
  <testcase name="MousehoverLinkRegression" time="0.445" classname="com.assuranceNavigationTests.MousehoverLinkTest"/>
</testsuite> <!-- Default test -->
