<?xml version="1.0" encoding="UTF-8"?>
<!-- Generated by org.testng.reporters.JUnitXMLReporter -->
<testsuite hostname="DESKTOP-INQUNRP" ignored="5" name="Login Test" tests="1" failures="0" timestamp="2021-02-13T18:30:58 EST" time="12.18" errors="0">
  <testcase name="loginRegresationTest" time="3.107" classname="com.assuranceLoginTests.LoginTest"/>
  <testcase name="myAccountLoginLinkTest" time="0.0" classname="com.assuranceLoginTests.LoginTest">
    <ignored/>
  </testcase> <!-- myAccountLoginLinkTest -->
  <testcase name="userNameTest" time="0.0" classname="com.assuranceLoginTests.LoginTest">
    <ignored/>
  </testcase> <!-- userNameTest -->
  <testcase name="switchToChildWindowTest" time="0.0" classname="com.assuranceLoginTests.LoginTest">
    <ignored/>
  </testcase> <!-- switchToChildWindowTest -->
  <testcase name="passwordLinkTest" time="0.0" classname="com.assuranceLoginTests.LoginTest">
    <ignored/>
  </testcase> <!-- passwordLinkTest -->
  <testcase name="submitTest" time="0.0" classname="com.assuranceLoginTests.LoginTest">
    <ignored/>
  </testcase> <!-- submitTest -->
</testsuite> <!-- Login Test -->
