<?xml version="1.0" encoding="UTF-8"?>
<!-- Generated by org.testng.reporters.JUnitXMLReporter -->
<testsuite hostname="DESKTOP-INQUNRP" ignored="3" tests="0" failures="0" timestamp="2021-02-13T18:30:46 EST" time="10.909" errors="0">
  <testcase name="MousehoverLinkRegression" time="0.0" classname="com.assuranceNavigationTests.MousehoverLinkTest">
    <ignored/>
  </testcase> <!-- MousehoverLinkRegression -->
  <testcase name="enhanceLoopTest" time="0.0" classname="com.assuranceNavigationTests.MousehoverLinkTest">
    <ignored/>
  </testcase> <!-- enhanceLoopTest -->
  <testcase name="lifeLineLinkstest" time="0.0" classname="com.assuranceNavigationTests.MousehoverLinkTest">
    <ignored/>
  </testcase> <!-- lifeLineLinkstest -->
</testsuite>
