<?xml version="1.0" encoding="UTF-8"?>
<!-- Generated by org.testng.reporters.JUnitXMLReporter -->
<testsuite hostname="DESKTOP-INQUNRP" ignored="0" name="Fonctional1 Test" tests="2" failures="0" timestamp="2021-02-07T20:33:22 EST" time="1.561" errors="0">
  <testcase name="lifeLineLinkstest" time="1.456" classname="com.assuranceNavigationTests.MousehoverLinkTest"/>
  <testcase name="enhanceLoopTest" time="0.1" classname="com.assuranceNavigationTests.MousehoverLinkTest"/>
</testsuite> <!-- Fonctional1 Test -->
