<?xml version="1.0" encoding="UTF-8"?>
<!-- Generated by org.testng.reporters.JUnitXMLReporter -->
<testsuite hostname="DESKTOP-INQUNRP" ignored="1" name="MousehoverLinkTest" tests="2" failures="0" timestamp="2021-02-13T19:21:12 EST" time="32.322" errors="0">
  <testcase name="lifeLineLinkstest" time="0.284" classname="com.assuranceNavigationTests.MousehoverLinkTest"/>
  <testcase name="enhanceLoopTest" time="0.105" classname="com.assuranceNavigationTests.MousehoverLinkTest"/>
  <testcase name="MousehoverLinkRegression" time="0.0" classname="com.assuranceNavigationTests.MousehoverLinkTest">
    <ignored/>
  </testcase> <!-- MousehoverLinkRegression -->
</testsuite> <!-- MousehoverLinkTest -->
