<?xml version="1.0" encoding="UTF-8"?>
<!-- Generated by org.testng.reporters.JUnitXMLReporter -->
<testsuite hostname="DESKTOP-INQUNRP" ignored="2" name="Test" tests="1" failures="0" timestamp="2021-02-07T21:04:13 EST" time="10.64" errors="0">
  <testcase name="MousehoverLinkRegression" time="0.777" classname="com.assuranceNavigationTests.MousehoverLinkTest"/>
  <testcase name="enhanceLoopTest" time="0.0" classname="com.assuranceNavigationTests.MousehoverLinkTest">
    <ignored/>
  </testcase> <!-- enhanceLoopTest -->
  <testcase name="lifeLineLinkstest" time="0.0" classname="com.assuranceNavigationTests.MousehoverLinkTest">
    <ignored/>
  </testcase> <!-- lifeLineLinkstest -->
</testsuite> <!-- Test -->
