<?xml version="1.0" encoding="UTF-8"?>
<!-- Generated by org.testng.reporters.JUnitXMLReporter -->
<testsuite hostname="DESKTOP-INQUNRP" ignored="0" name="Test1" tests="5" failures="0" timestamp="2021-02-13T15:12:16 EST" time="11.734" errors="0">
  <testcase name="myAccountLoginLinkTest" time="0.226" classname="com.assuranceLoginTests.LoginTest"/>
  <testcase name="switchToChildWindowTest" time="0.794" classname="com.assuranceLoginTests.LoginTest"/>
  <testcase name="userNameTest" time="1.444" classname="com.assuranceLoginTests.LoginTest"/>
  <testcase name="passwordLinkTest" time="0.17" classname="com.assuranceLoginTests.LoginTest"/>
  <testcase name="submitTest" time="0.108" classname="com.assuranceLoginTests.LoginTest"/>
</testsuite> <!-- Test1 -->
