<?xml version="1.0" encoding="UTF-8"?>
<!-- Generated by org.testng.reporters.JUnitXMLReporter -->
<testsuite hostname="DESKTOP-INQUNRP" ignored="1" name="Test" tests="2" failures="0" timestamp="2021-02-13T15:12:04 EST" time="12.475" errors="0">
  <testcase name="lifeLineLinkstest" time="0.55" classname="com.assuranceNavigationTests.MousehoverLinkTest"/>
  <testcase name="enhanceLoopTest" time="0.056" classname="com.assuranceNavigationTests.MousehoverLinkTest"/>
  <testcase name="MousehoverLinkRegression" time="0.0" classname="com.assuranceNavigationTests.MousehoverLinkTest">
    <ignored/>
  </testcase> <!-- MousehoverLinkRegression -->
</testsuite> <!-- Test -->
